<?xml version="1.0" encoding="UTF-8"?>
<robot generator="Robot 6.1.1 (Python 3.11.4 on win32)" generated="20230807 11:31:51.573" rpa="false" schemaversion="4">
<suite id="s1" name="API POST Testing" source="D:\Automation\POM_Framework\Tests\API_POST_Testing.robot">
<test id="s1-t1" name="TC01 Validating POST request" line="8">
<kw name="Construct json body for POST request">
<kw name="Create Dictionary" library="BuiltIn">
<var>${body}</var>
<arg>name=RVMbook</arg>
<arg>isbn=rvm1</arg>
<arg>aisle=1234</arg>
<arg>author=aramya</arg>
<doc>Creates and returns a dictionary based on the given ``items``.</doc>
<msg timestamp="20230807 11:31:51.680" level="INFO">${body} = {'name': 'RVMbook', 'isbn': 'rvm1', 'aisle': '1234', 'author': 'aramya'}</msg>
<status status="PASS" starttime="20230807 11:31:51.680" endtime="20230807 11:31:51.680"/>
</kw>
<kw name="Set Global Variable" library="BuiltIn">
<arg>${body}</arg>
<doc>Makes a variable available globally in all tests and suites.</doc>
<msg timestamp="20230807 11:31:51.680" level="INFO">${body} = {'name': 'RVMbook', 'isbn': 'rvm1', 'aisle': '1234', 'author': 'aramya'}</msg>
<status status="PASS" starttime="20230807 11:31:51.680" endtime="20230807 11:31:51.680"/>
</kw>
<status status="PASS" starttime="20230807 11:31:51.680" endtime="20230807 11:31:51.680"/>
</kw>
<kw name="Hit the POST request">
<kw name="Create Session" library="RequestsLibrary">
<arg>RVMSession</arg>
<arg>${baseURL}</arg>
<doc>Create Session: create a HTTP session to a server</doc>
<msg timestamp="20230807 11:31:51.680" level="INFO">Creating Session using : alias=RVMSession, url=http://216.10.245.166, headers={},                     cookies={}, auth=None, timeout=None, proxies=None, verify=False,                     debug=0 </msg>
<status status="PASS" starttime="20230807 11:31:51.680" endtime="20230807 11:31:51.680"/>
</kw>
<kw name="POST On Session" library="RequestsLibrary">
<var>${res}</var>
<arg>RVMSession</arg>
<arg>${resource}</arg>
<arg>json=${body}</arg>
<doc>Sends a POST request on a previously created HTTP Session.</doc>
<msg timestamp="20230807 11:31:51.858" level="INFO">POST Request : url=http://216.10.245.166/Library/Addbook.php 
 path_url=/Library/Addbook.php 
 headers={'User-Agent': 'python-requests/2.31.0', 'Accept-Encoding': 'gzip, deflate', 'Accept': '*/*', 'Connection': 'keep-alive', 'Content-Length': '72', 'Content-Type': 'application/json'} 
 body=b'{"name": "RVMbook", "isbn": "rvm1", "aisle": "1234", "author": "aramya"}' 
 </msg>
<msg timestamp="20230807 11:31:51.858" level="INFO">POST Response : url=http://216.10.245.166/Library/Addbook.php 
 status=200, reason=OK 
 headers={'Date': 'Mon, 07 Aug 2023 06:01:52 GMT', 'Server': 'Apache', 'Access-Control-Allow-Origin': '*', 'Access-Control-Allow-Methods': 'POST', 'Access-Control-Max-Age': '3600', 'Access-Control-Allow-Headers': 'Content-Type, Access-Control-Allow-Headers, Authorization, X-Requested-With', 'Keep-Alive': 'timeout=5, max=100', 'Connection': 'Keep-Alive', 'Transfer-Encoding': 'chunked', 'Content-Type': 'application/json;charset=UTF-8'} 
 body={"Msg":"successfully added","ID":"rvm11234"} 
 </msg>
<msg timestamp="20230807 11:31:51.858" level="INFO">${res} = &lt;Response [200]&gt;</msg>
<status status="PASS" starttime="20230807 11:31:51.680" endtime="20230807 11:31:51.858"/>
</kw>
<kw name="Set Global Variable" library="BuiltIn">
<arg>${res}</arg>
<doc>Makes a variable available globally in all tests and suites.</doc>
<msg timestamp="20230807 11:31:51.858" level="INFO">${res} = &lt;Response [200]&gt;</msg>
<status status="PASS" starttime="20230807 11:31:51.858" endtime="20230807 11:31:51.858"/>
</kw>
<status status="PASS" starttime="20230807 11:31:51.680" endtime="20230807 11:31:51.858"/>
</kw>
<kw name="Verify the status code">
<kw name="Should Be Equal As Integers" library="BuiltIn">
<arg>${res.status_code}</arg>
<arg>200</arg>
<doc>Fails if objects are unequal after converting them to integers.</doc>
<msg timestamp="20230807 11:31:51.858" level="INFO">Argument types are:
&lt;class 'int'&gt;
&lt;class 'str'&gt;</msg>
<status status="PASS" starttime="20230807 11:31:51.858" endtime="20230807 11:31:51.858"/>
</kw>
<status status="PASS" starttime="20230807 11:31:51.858" endtime="20230807 11:31:51.858"/>
</kw>
<kw name="Verify the response attribute">
<kw name="Should Be Equal As Strings" library="BuiltIn">
<arg>${res.json()["Msg"]}</arg>
<arg>successfully added</arg>
<doc>Fails if objects are unequal after converting them to strings.</doc>
<status status="PASS" starttime="20230807 11:31:51.858" endtime="20230807 11:31:51.858"/>
</kw>
<status status="PASS" starttime="20230807 11:31:51.858" endtime="20230807 11:31:51.858"/>
</kw>
<status status="PASS" starttime="20230807 11:31:51.680" endtime="20230807 11:31:51.858"/>
</test>
<status status="PASS" starttime="20230807 11:31:51.573" endtime="20230807 11:31:51.858"/>
</suite>
<statistics>
<total>
<stat pass="1" fail="0" skip="0">All Tests</stat>
</total>
<tag>
</tag>
<suite>
<stat pass="1" fail="0" skip="0" id="s1" name="API POST Testing">API POST Testing</stat>
</suite>
</statistics>
<errors>
</errors>
</robot>
