<?xml version="1.0" encoding="UTF-8"?>
<robot generator="Rebot 6.1.1 (Python 3.11.4 on win32)" generated="20230802 17:39:40.080" rpa="false" schemaversion="4">
<suite id="s1" name="Login test" source="D:\Automation\POM_Framework\Tests\Login_test.robot">
<test id="s1-t1" name="TC01 Login with valid credentials" line="4">
<kw name="Launch the Orange HRM application" library="Login_Page">
<kw name="Create Webdriver" library="SeleniumLibrary">
<arg>${browser}</arg>
<doc>Creates an instance of Selenium WebDriver.</doc>
<msg timestamp="20230802 17:39:26.111" level="INFO">Creating an instance of the Chrome WebDriver.</msg>
<status status="PASS" starttime="20230802 17:39:26.111" endtime="20230802 17:39:27.559"/>
</kw>
<kw name="Go To" library="SeleniumLibrary">
<arg>${URL}</arg>
<doc>Navigates the current browser window to the provided ``url``.</doc>
<msg timestamp="20230802 17:39:27.559" level="INFO">Opening url 'https://opensource-demo.orangehrmlive.com/web/index.php/auth/login'</msg>
<status status="PASS" starttime="20230802 17:39:27.559" endtime="20230802 17:39:30.833"/>
</kw>
<kw name="Maximize Browser Window" library="SeleniumLibrary">
<doc>Maximizes current browser window.</doc>
<status status="PASS" starttime="20230802 17:39:30.833" endtime="20230802 17:39:30.948"/>
</kw>
<kw name="Wait Until Element Is Visible" library="SeleniumLibrary">
<arg>${loginbtn}</arg>
<arg>${mediumwait}</arg>
<doc>Waits until the element ``locator`` is visible.</doc>
<status status="PASS" starttime="20230802 17:39:30.948" endtime="20230802 17:39:31.263"/>
</kw>
<status status="PASS" starttime="20230802 17:39:26.111" endtime="20230802 17:39:31.263"/>
</kw>
<kw name="Login into application with valid credentials" library="Login_Page">
<kw name="Input Text" library="SeleniumLibrary">
<arg>${unametxt}</arg>
<arg>${Username}</arg>
<doc>Types the given ``text`` into the text field identified by ``locator``.</doc>
<msg timestamp="20230802 17:39:31.263" level="INFO">Typing text 'Admin' into text field 'name:username'.</msg>
<status status="PASS" starttime="20230802 17:39:31.263" endtime="20230802 17:39:31.311"/>
</kw>
<kw name="Input Text" library="SeleniumLibrary">
<arg>${ptxt}</arg>
<arg>${Password}</arg>
<doc>Types the given ``text`` into the text field identified by ``locator``.</doc>
<msg timestamp="20230802 17:39:31.319" level="INFO">Typing text 'admin123' into text field 'name:password'.</msg>
<status status="PASS" starttime="20230802 17:39:31.319" endtime="20230802 17:39:31.370"/>
</kw>
<kw name="Click Element" library="SeleniumLibrary">
<arg>${loginbtn}</arg>
<doc>Click the element identified by ``locator``.</doc>
<msg timestamp="20230802 17:39:31.370" level="INFO">Clicking element 'xpath://button[@type='submit']'.</msg>
<status status="PASS" starttime="20230802 17:39:31.370" endtime="20230802 17:39:31.400"/>
</kw>
<status status="PASS" starttime="20230802 17:39:31.263" endtime="20230802 17:39:31.400"/>
</kw>
<kw name="Verify the login success validation" library="Login_Page">
<kw name="Wait Until Element Is Visible" library="SeleniumLibrary">
<arg>${dashboardlbl}</arg>
<arg>${mediumwait}</arg>
<doc>Waits until the element ``locator`` is visible.</doc>
<status status="PASS" starttime="20230802 17:39:31.400" endtime="20230802 17:39:33.097"/>
</kw>
<kw name="Get Text" library="SeleniumLibrary">
<var>${dashboard}</var>
<arg>${dashboardlbl}</arg>
<doc>Returns the text value of the element identified by ``locator``.</doc>
<msg timestamp="20230802 17:39:33.109" level="INFO">${dashboard} = Dashboard</msg>
<status status="PASS" starttime="20230802 17:39:33.097" endtime="20230802 17:39:33.109"/>
</kw>
<kw name="Should Be Equal" library="BuiltIn">
<arg>${dashboard}</arg>
<arg>${dashboardtxt}</arg>
<doc>Fails if the given objects are unequal.</doc>
<status status="PASS" starttime="20230802 17:39:33.109" endtime="20230802 17:39:33.109"/>
</kw>
<status status="PASS" starttime="20230802 17:39:31.400" endtime="20230802 17:39:33.109"/>
</kw>
<kw name="Close Browser" library="SeleniumLibrary">
<doc>Closes the current browser.</doc>
<status status="PASS" starttime="20230802 17:39:33.109" endtime="20230802 17:39:35.191"/>
</kw>
<status status="PASS" starttime="20230802 17:39:26.111" endtime="20230802 17:39:35.191"/>
</test>
<test id="s1-t2" name="TC02 Login with invalid credentails" line="9">
<kw name="Launch the Orange HRM application" library="Login_Page">
<kw name="Create Webdriver" library="SeleniumLibrary">
<arg>${browser}</arg>
<doc>Creates an instance of Selenium WebDriver.</doc>
<msg timestamp="20230802 17:39:26.111" level="INFO">Creating an instance of the Chrome WebDriver.</msg>
<status status="PASS" starttime="20230802 17:39:26.111" endtime="20230802 17:39:27.757"/>
</kw>
<kw name="Go To" library="SeleniumLibrary">
<arg>${URL}</arg>
<doc>Navigates the current browser window to the provided ``url``.</doc>
<msg timestamp="20230802 17:39:27.757" level="INFO">Opening url 'https://opensource-demo.orangehrmlive.com/web/index.php/auth/login'</msg>
<status status="PASS" starttime="20230802 17:39:27.757" endtime="20230802 17:39:31.214"/>
</kw>
<kw name="Maximize Browser Window" library="SeleniumLibrary">
<doc>Maximizes current browser window.</doc>
<status status="PASS" starttime="20230802 17:39:31.214" endtime="20230802 17:39:31.327"/>
</kw>
<kw name="Wait Until Element Is Visible" library="SeleniumLibrary">
<arg>${loginbtn}</arg>
<arg>${mediumwait}</arg>
<doc>Waits until the element ``locator`` is visible.</doc>
<status status="PASS" starttime="20230802 17:39:31.327" endtime="20230802 17:39:31.847"/>
</kw>
<status status="PASS" starttime="20230802 17:39:26.111" endtime="20230802 17:39:31.847"/>
</kw>
<kw name="Login into application with invalid credentials" library="Login_Page">
<kw name="Input Text" library="SeleniumLibrary">
<arg>${unametxt}</arg>
<arg>${invUsername}</arg>
<doc>Types the given ``text`` into the text field identified by ``locator``.</doc>
<msg timestamp="20230802 17:39:31.847" level="INFO">Typing text 'admin' into text field 'name:username'.</msg>
<status status="PASS" starttime="20230802 17:39:31.847" endtime="20230802 17:39:31.896"/>
</kw>
<kw name="Input Text" library="SeleniumLibrary">
<arg>${ptxt}</arg>
<arg>${invPassword}</arg>
<doc>Types the given ``text`` into the text field identified by ``locator``.</doc>
<msg timestamp="20230802 17:39:31.896" level="INFO">Typing text '12345' into text field 'name:password'.</msg>
<status status="PASS" starttime="20230802 17:39:31.896" endtime="20230802 17:39:31.945"/>
</kw>
<kw name="Click Element" library="SeleniumLibrary">
<arg>${loginbtn}</arg>
<doc>Click the element identified by ``locator``.</doc>
<msg timestamp="20230802 17:39:31.945" level="INFO">Clicking element 'xpath://button[@type='submit']'.</msg>
<status status="PASS" starttime="20230802 17:39:31.945" endtime="20230802 17:39:33.097"/>
</kw>
<status status="PASS" starttime="20230802 17:39:31.847" endtime="20230802 17:39:33.097"/>
</kw>
<kw name="Verify error message for invalid login" library="Login_Page">
<kw name="Wait Until Element Is Visible" library="SeleniumLibrary">
<arg>${invalidlbl}</arg>
<arg>${mediumwait}</arg>
<doc>Waits until the element ``locator`` is visible.</doc>
<status status="PASS" starttime="20230802 17:39:33.097" endtime="20230802 17:39:33.574"/>
</kw>
<kw name="Get Text" library="SeleniumLibrary">
<var>${errormsg}</var>
<arg>${invalidlbl}</arg>
<doc>Returns the text value of the element identified by ``locator``.</doc>
<msg timestamp="20230802 17:39:33.603" level="INFO">${errormsg} = Invalid credentials</msg>
<status status="PASS" starttime="20230802 17:39:33.576" endtime="20230802 17:39:33.603"/>
</kw>
<kw name="Should Contain" library="BuiltIn">
<arg>${errormsg}</arg>
<arg>${actualerror}</arg>
<doc>Fails if ``container`` does not contain ``item`` one or more times.</doc>
<status status="PASS" starttime="20230802 17:39:33.603" endtime="20230802 17:39:33.603"/>
</kw>
<status status="PASS" starttime="20230802 17:39:33.097" endtime="20230802 17:39:33.603"/>
</kw>
<kw name="Close Browser" library="SeleniumLibrary">
<doc>Closes the current browser.</doc>
<status status="PASS" starttime="20230802 17:39:33.603" endtime="20230802 17:39:35.713"/>
</kw>
<status status="PASS" starttime="20230802 17:39:26.111" endtime="20230802 17:39:35.713"/>
</test>
<doc>[https://pabot.org/?ref=log|Pabot] result from 2 executions.</doc>
<status status="PASS" starttime="20230802 17:39:25.972" endtime="20230802 17:39:35.713"/>
</suite>
<statistics>
<total>
<stat pass="2" fail="0" skip="0">All Tests</stat>
</total>
<tag>
</tag>
<suite>
<stat pass="2" fail="0" skip="0" id="s1" name="Login test">Login test</stat>
</suite>
</statistics>
<errors>
</errors>
</robot>
